2024-11-06 10:44:51,307:Total Score: 138
2024-11-06 10:44:51,307:Average Score: 0.92
2024-11-06 10:44:51,307:
錯誤的預測: 
2024-11-06 10:44:51,307:QID: 4
2024-11-06 10:44:51,307:預測值: 179
2024-11-06 10:44:51,307:正確答案: 186
2024-11-06 10:44:51,307:--------------------------------------------------
2024-11-06 10:44:51,307:QID: 7
2024-11-06 10:44:51,307:預測值: 439
2024-11-06 10:44:51,307:正確答案: 107
2024-11-06 10:44:51,307:--------------------------------------------------
2024-11-06 10:44:51,307:QID: 29
2024-11-06 10:44:51,307:預測值: 524
2024-11-06 10:44:51,307:正確答案: 578
2024-11-06 10:44:51,307:--------------------------------------------------
2024-11-06 10:44:51,307:QID: 51
2024-11-06 10:44:51,308:預測值: 653
2024-11-06 10:44:51,308:正確答案: 162
2024-11-06 10:44:51,308:--------------------------------------------------
2024-11-06 10:44:51,308:QID: 53
2024-11-06 10:44:51,308:預測值: 145
2024-11-06 10:44:51,308:正確答案: 351
2024-11-06 10:44:51,308:--------------------------------------------------
2024-11-06 10:44:51,308:QID: 64
2024-11-06 10:44:51,308:預測值: 706
2024-11-06 10:44:51,308:正確答案: 124
2024-11-06 10:44:51,308:--------------------------------------------------
2024-11-06 10:44:51,308:QID: 76
2024-11-06 10:44:51,308:預測值: 696
2024-11-06 10:44:51,308:正確答案: 211
2024-11-06 10:44:51,308:--------------------------------------------------
2024-11-06 10:44:51,308:QID: 80
2024-11-06 10:44:51,308:預測值: 386
2024-11-06 10:44:51,308:正確答案: 213
2024-11-06 10:44:51,308:--------------------------------------------------
2024-11-06 10:44:51,308:QID: 94
2024-11-06 10:44:51,308:預測值: 350
2024-11-06 10:44:51,308:正確答案: 699
2024-11-06 10:44:51,308:--------------------------------------------------
2024-11-06 10:44:51,308:QID: 98
2024-11-06 10:44:51,308:預測值: 439
2024-11-06 10:44:51,308:正確答案: 692
2024-11-06 10:44:51,308:--------------------------------------------------
2024-11-06 10:44:51,308:QID: 99
2024-11-06 10:44:51,308:預測值: 693
2024-11-06 10:44:51,308:正確答案: 372
2024-11-06 10:44:51,308:--------------------------------------------------
2024-11-06 10:44:51,308:QID: 135
2024-11-06 10:44:51,308:預測值: 53
2024-11-06 10:44:51,308:正確答案: 28
2024-11-06 10:44:51,308:--------------------------------------------------
2024-11-06 10:44:51,308:end

